INFO [2021-06-04 14:15:07] $x
INFO [2021-06-04 14:15:07] list(DIABETES = dataset$ï..[which(dataset$DIABETES == 1)], OBESITY = dataset$ï..[which(dataset$OBESIDAD.MORBIDA == 
INFO [2021-06-04 14:15:07]     1)], EPOC = dataset$ï..[which(dataset$EPOC == 1)])
INFO [2021-06-04 14:15:07] 
INFO [2021-06-04 14:15:07] $category.names
INFO [2021-06-04 14:15:07] c("DIABETES", "OBESITY", "EPOC")
INFO [2021-06-04 14:15:07] 
INFO [2021-06-04 14:15:07] $filename
INFO [2021-06-04 14:15:07] [1] "venn_diagramm.png"
INFO [2021-06-04 14:15:07] 
INFO [2021-06-04 14:15:07] $output
INFO [2021-06-04 14:15:07] [1] TRUE
INFO [2021-06-04 14:15:07] 
INFO [2021-06-04 14:15:07] $imagetype
INFO [2021-06-04 14:15:07] [1] "png"
INFO [2021-06-04 14:15:07] 
INFO [2021-06-04 14:15:07] $height
INFO [2021-06-04 14:15:07] [1] 480
INFO [2021-06-04 14:15:07] 
INFO [2021-06-04 14:15:07] $width
INFO [2021-06-04 14:15:07] [1] 480
INFO [2021-06-04 14:15:07] 
INFO [2021-06-04 14:15:07] $resolution
INFO [2021-06-04 14:15:07] [1] 300
INFO [2021-06-04 14:15:07] 
INFO [2021-06-04 14:15:07] $compression
INFO [2021-06-04 14:15:07] [1] "lzw"
INFO [2021-06-04 14:15:07] 
INFO [2021-06-04 14:15:07] $lwd
INFO [2021-06-04 14:15:07] [1] 2
INFO [2021-06-04 14:15:07] 
INFO [2021-06-04 14:15:07] $lty
INFO [2021-06-04 14:15:07] [1] "blank"
INFO [2021-06-04 14:15:07] 
INFO [2021-06-04 14:15:07] $fill
INFO [2021-06-04 14:15:07] myCol
INFO [2021-06-04 14:15:07] 
INFO [2021-06-04 14:15:07] $cex
INFO [2021-06-04 14:15:07] [1] 0.6
INFO [2021-06-04 14:15:07] 
INFO [2021-06-04 14:15:07] $fontface
INFO [2021-06-04 14:15:07] [1] "bold"
INFO [2021-06-04 14:15:07] 
INFO [2021-06-04 14:15:07] $fontfamily
INFO [2021-06-04 14:15:07] [1] "sans"
INFO [2021-06-04 14:15:07] 
INFO [2021-06-04 14:15:07] $cat.cex
INFO [2021-06-04 14:15:07] [1] 0.6
INFO [2021-06-04 14:15:07] 
INFO [2021-06-04 14:15:07] $cat.fontface
INFO [2021-06-04 14:15:07] [1] "bold"
INFO [2021-06-04 14:15:07] 
INFO [2021-06-04 14:15:07] $cat.default.pos
INFO [2021-06-04 14:15:07] [1] "outer"
INFO [2021-06-04 14:15:07] 
INFO [2021-06-04 14:15:07] $cat.pos
INFO [2021-06-04 14:15:07] c(-27, 27, 135)
INFO [2021-06-04 14:15:07] 
INFO [2021-06-04 14:15:07] $cat.dist
INFO [2021-06-04 14:15:07] c(0.055, 0.055, 0.085)
INFO [2021-06-04 14:15:07] 
INFO [2021-06-04 14:15:07] $cat.fontfamily
INFO [2021-06-04 14:15:07] [1] "sans"
INFO [2021-06-04 14:15:07] 
INFO [2021-06-04 14:15:07] $rotation
INFO [2021-06-04 14:15:07] [1] 1
INFO [2021-06-04 14:15:07] 
