INFO [2021-06-17 17:40:20] $x
INFO [2021-06-17 17:40:20] list(DIABETES = dataset$ï..[which(dataset$DIABETES == 1 & dataset$SEXO == 
INFO [2021-06-17 17:40:20]     "FEME")], OBESITY = dataset$ï..[which(dataset$OBESIDAD.MORBIDA == 
INFO [2021-06-17 17:40:20]     1 & dataset$SEXO == "FEME")], )
INFO [2021-06-17 17:40:20] 
INFO [2021-06-17 17:40:20] $category.names
INFO [2021-06-17 17:40:20] c("DIABETES", "OBESITY")
INFO [2021-06-17 17:40:20] 
INFO [2021-06-17 17:40:20] $filename
INFO [2021-06-17 17:40:20] [1] "venn_diagramm2.png"
INFO [2021-06-17 17:40:20] 
INFO [2021-06-17 17:40:20] $output
INFO [2021-06-17 17:40:20] [1] TRUE
INFO [2021-06-17 17:40:20] 
INFO [2021-06-17 17:40:20] $imagetype
INFO [2021-06-17 17:40:20] [1] "png"
INFO [2021-06-17 17:40:20] 
INFO [2021-06-17 17:40:20] $height
INFO [2021-06-17 17:40:20] [1] 480
INFO [2021-06-17 17:40:20] 
INFO [2021-06-17 17:40:20] $width
INFO [2021-06-17 17:40:20] [1] 480
INFO [2021-06-17 17:40:20] 
INFO [2021-06-17 17:40:20] $resolution
INFO [2021-06-17 17:40:20] [1] 300
INFO [2021-06-17 17:40:20] 
INFO [2021-06-17 17:40:20] $compression
INFO [2021-06-17 17:40:20] [1] "lzw"
INFO [2021-06-17 17:40:20] 
INFO [2021-06-17 17:40:20] $lwd
INFO [2021-06-17 17:40:20] [1] 2
INFO [2021-06-17 17:40:20] 
INFO [2021-06-17 17:40:20] $lty
INFO [2021-06-17 17:40:20] [1] "blank"
INFO [2021-06-17 17:40:20] 
INFO [2021-06-17 17:40:20] $fill
INFO [2021-06-17 17:40:20] myCol
INFO [2021-06-17 17:40:20] 
INFO [2021-06-17 17:40:20] $cex
INFO [2021-06-17 17:40:20] [1] 0.6
INFO [2021-06-17 17:40:20] 
INFO [2021-06-17 17:40:20] $fontface
INFO [2021-06-17 17:40:20] [1] "bold"
INFO [2021-06-17 17:40:20] 
INFO [2021-06-17 17:40:20] $fontfamily
INFO [2021-06-17 17:40:20] [1] "sans"
INFO [2021-06-17 17:40:20] 
INFO [2021-06-17 17:40:20] $cat.cex
INFO [2021-06-17 17:40:20] [1] 0.6
INFO [2021-06-17 17:40:20] 
INFO [2021-06-17 17:40:20] $cat.fontface
INFO [2021-06-17 17:40:20] [1] "bold"
INFO [2021-06-17 17:40:20] 
INFO [2021-06-17 17:40:20] $cat.default.pos
INFO [2021-06-17 17:40:20] [1] "outer"
INFO [2021-06-17 17:40:20] 
INFO [2021-06-17 17:40:20] $cat.pos
INFO [2021-06-17 17:40:20] c(-27, 27, 135)
INFO [2021-06-17 17:40:20] 
INFO [2021-06-17 17:40:20] $cat.dist
INFO [2021-06-17 17:40:20] c(0.055, 0.055, 0.085)
INFO [2021-06-17 17:40:20] 
INFO [2021-06-17 17:40:20] $cat.fontfamily
INFO [2021-06-17 17:40:20] [1] "sans"
INFO [2021-06-17 17:40:20] 
INFO [2021-06-17 17:40:20] $rotation
INFO [2021-06-17 17:40:20] [1] 1
INFO [2021-06-17 17:40:20] 
