INFO [2021-06-04 14:15:46] $x
INFO [2021-06-04 14:15:46] list(DIABETES = dataset$ï..[which(dataset$DIABETES == 1)], OBESITY = dataset$ï..[which(dataset$OBESIDAD.MORBIDA == 
INFO [2021-06-04 14:15:46]     1)], EPOC = dataset$ï..[which(dataset$EPOC == 1)])
INFO [2021-06-04 14:15:46] 
INFO [2021-06-04 14:15:46] $category.names
INFO [2021-06-04 14:15:46] c("DIABETES", "OBESITY", "EPOC")
INFO [2021-06-04 14:15:46] 
INFO [2021-06-04 14:15:46] $filename
INFO [2021-06-04 14:15:46] [1] "venn_diagramm.png"
INFO [2021-06-04 14:15:46] 
INFO [2021-06-04 14:15:46] $output
INFO [2021-06-04 14:15:46] [1] TRUE
INFO [2021-06-04 14:15:46] 
INFO [2021-06-04 14:15:46] $imagetype
INFO [2021-06-04 14:15:46] [1] "png"
INFO [2021-06-04 14:15:46] 
INFO [2021-06-04 14:15:46] $height
INFO [2021-06-04 14:15:46] [1] 480
INFO [2021-06-04 14:15:46] 
INFO [2021-06-04 14:15:46] $width
INFO [2021-06-04 14:15:46] [1] 480
INFO [2021-06-04 14:15:46] 
INFO [2021-06-04 14:15:46] $resolution
INFO [2021-06-04 14:15:46] [1] 300
INFO [2021-06-04 14:15:46] 
INFO [2021-06-04 14:15:46] $compression
INFO [2021-06-04 14:15:46] [1] "lzw"
INFO [2021-06-04 14:15:46] 
INFO [2021-06-04 14:15:46] $lwd
INFO [2021-06-04 14:15:46] [1] 2
INFO [2021-06-04 14:15:46] 
INFO [2021-06-04 14:15:46] $lty
INFO [2021-06-04 14:15:46] [1] "blank"
INFO [2021-06-04 14:15:46] 
INFO [2021-06-04 14:15:46] $fill
INFO [2021-06-04 14:15:46] myCol
INFO [2021-06-04 14:15:46] 
INFO [2021-06-04 14:15:46] $cex
INFO [2021-06-04 14:15:46] [1] 0.6
INFO [2021-06-04 14:15:46] 
INFO [2021-06-04 14:15:46] $fontface
INFO [2021-06-04 14:15:46] [1] "bold"
INFO [2021-06-04 14:15:46] 
INFO [2021-06-04 14:15:46] $fontfamily
INFO [2021-06-04 14:15:46] [1] "sans"
INFO [2021-06-04 14:15:46] 
INFO [2021-06-04 14:15:46] $cat.cex
INFO [2021-06-04 14:15:46] [1] 0.6
INFO [2021-06-04 14:15:46] 
INFO [2021-06-04 14:15:46] $cat.fontface
INFO [2021-06-04 14:15:46] [1] "bold"
INFO [2021-06-04 14:15:46] 
INFO [2021-06-04 14:15:46] $cat.default.pos
INFO [2021-06-04 14:15:46] [1] "outer"
INFO [2021-06-04 14:15:46] 
INFO [2021-06-04 14:15:46] $cat.pos
INFO [2021-06-04 14:15:46] c(-27, 27, 135)
INFO [2021-06-04 14:15:46] 
INFO [2021-06-04 14:15:46] $cat.dist
INFO [2021-06-04 14:15:46] c(0.055, 0.055, 0.085)
INFO [2021-06-04 14:15:46] 
INFO [2021-06-04 14:15:46] $cat.fontfamily
INFO [2021-06-04 14:15:46] [1] "sans"
INFO [2021-06-04 14:15:46] 
INFO [2021-06-04 14:15:46] $rotation
INFO [2021-06-04 14:15:46] [1] 1
INFO [2021-06-04 14:15:46] 
