INFO [2021-06-04 14:32:33] $x
INFO [2021-06-04 14:32:33] list(DIABETES = dataset$ï..[which(dataset$DIABETES == 1 & dataset$SEXO == 
INFO [2021-06-04 14:32:33]     "FEME")], OBESITY = dataset$ï..[which(dataset$OBESIDAD.MORBIDA == 
INFO [2021-06-04 14:32:33]     1 & dataset$SEXO == "FEME")], EPOC = dataset$ï..[which(dataset$EPOC == 
INFO [2021-06-04 14:32:33]     1 & dataset$SEXO == "FEME")])
INFO [2021-06-04 14:32:33] 
INFO [2021-06-04 14:32:33] $category.names
INFO [2021-06-04 14:32:33] c("DIABETES", "OBESITY", "EPOC")
INFO [2021-06-04 14:32:33] 
INFO [2021-06-04 14:32:33] $filename
INFO [2021-06-04 14:32:33] [1] "venn_diagramm2.png"
INFO [2021-06-04 14:32:33] 
INFO [2021-06-04 14:32:33] $output
INFO [2021-06-04 14:32:33] [1] TRUE
INFO [2021-06-04 14:32:33] 
INFO [2021-06-04 14:32:33] $imagetype
INFO [2021-06-04 14:32:33] [1] "png"
INFO [2021-06-04 14:32:33] 
INFO [2021-06-04 14:32:33] $height
INFO [2021-06-04 14:32:33] [1] 480
INFO [2021-06-04 14:32:33] 
INFO [2021-06-04 14:32:33] $width
INFO [2021-06-04 14:32:33] [1] 480
INFO [2021-06-04 14:32:33] 
INFO [2021-06-04 14:32:33] $resolution
INFO [2021-06-04 14:32:33] [1] 300
INFO [2021-06-04 14:32:33] 
INFO [2021-06-04 14:32:33] $compression
INFO [2021-06-04 14:32:33] [1] "lzw"
INFO [2021-06-04 14:32:33] 
INFO [2021-06-04 14:32:33] $lwd
INFO [2021-06-04 14:32:33] [1] 2
INFO [2021-06-04 14:32:33] 
INFO [2021-06-04 14:32:33] $lty
INFO [2021-06-04 14:32:33] [1] "blank"
INFO [2021-06-04 14:32:33] 
INFO [2021-06-04 14:32:33] $fill
INFO [2021-06-04 14:32:33] myCol
INFO [2021-06-04 14:32:33] 
INFO [2021-06-04 14:32:33] $cex
INFO [2021-06-04 14:32:33] [1] 0.6
INFO [2021-06-04 14:32:33] 
INFO [2021-06-04 14:32:33] $fontface
INFO [2021-06-04 14:32:33] [1] "bold"
INFO [2021-06-04 14:32:33] 
INFO [2021-06-04 14:32:33] $fontfamily
INFO [2021-06-04 14:32:33] [1] "sans"
INFO [2021-06-04 14:32:33] 
INFO [2021-06-04 14:32:33] $cat.cex
INFO [2021-06-04 14:32:33] [1] 0.6
INFO [2021-06-04 14:32:33] 
INFO [2021-06-04 14:32:33] $cat.fontface
INFO [2021-06-04 14:32:33] [1] "bold"
INFO [2021-06-04 14:32:33] 
INFO [2021-06-04 14:32:33] $cat.default.pos
INFO [2021-06-04 14:32:33] [1] "outer"
INFO [2021-06-04 14:32:33] 
INFO [2021-06-04 14:32:33] $cat.pos
INFO [2021-06-04 14:32:33] c(-27, 27, 135)
INFO [2021-06-04 14:32:33] 
INFO [2021-06-04 14:32:33] $cat.dist
INFO [2021-06-04 14:32:33] c(0.055, 0.055, 0.085)
INFO [2021-06-04 14:32:33] 
INFO [2021-06-04 14:32:33] $cat.fontfamily
INFO [2021-06-04 14:32:33] [1] "sans"
INFO [2021-06-04 14:32:33] 
INFO [2021-06-04 14:32:33] $rotation
INFO [2021-06-04 14:32:33] [1] 1
INFO [2021-06-04 14:32:33] 
