INFO [2021-06-17 16:42:58] $x
INFO [2021-06-17 16:42:58] list(DIABETES = dataset$ï..[which(dataset$DIABETES == 1 & dataset$SEXO == 
INFO [2021-06-17 16:42:58]     "FEME")], OBESITY = dataset$ï..[which(dataset$OBESIDAD.MORBIDA == 
INFO [2021-06-17 16:42:58]     1 & dataset$SEXO == "FEME")], )
INFO [2021-06-17 16:42:58] 
INFO [2021-06-17 16:42:58] $category.names
INFO [2021-06-17 16:42:58] c("DIABETES", "OBESITY")
INFO [2021-06-17 16:42:58] 
INFO [2021-06-17 16:42:58] $filename
INFO [2021-06-17 16:42:58] [1] "venn_diagramm2.png"
INFO [2021-06-17 16:42:58] 
INFO [2021-06-17 16:42:58] $output
INFO [2021-06-17 16:42:58] [1] TRUE
INFO [2021-06-17 16:42:58] 
INFO [2021-06-17 16:42:58] $imagetype
INFO [2021-06-17 16:42:58] [1] "png"
INFO [2021-06-17 16:42:58] 
INFO [2021-06-17 16:42:58] $height
INFO [2021-06-17 16:42:58] [1] 480
INFO [2021-06-17 16:42:58] 
INFO [2021-06-17 16:42:58] $width
INFO [2021-06-17 16:42:58] [1] 480
INFO [2021-06-17 16:42:58] 
INFO [2021-06-17 16:42:58] $resolution
INFO [2021-06-17 16:42:58] [1] 300
INFO [2021-06-17 16:42:58] 
INFO [2021-06-17 16:42:58] $compression
INFO [2021-06-17 16:42:58] [1] "lzw"
INFO [2021-06-17 16:42:58] 
INFO [2021-06-17 16:42:58] $lwd
INFO [2021-06-17 16:42:58] [1] 2
INFO [2021-06-17 16:42:58] 
INFO [2021-06-17 16:42:58] $lty
INFO [2021-06-17 16:42:58] [1] "blank"
INFO [2021-06-17 16:42:58] 
INFO [2021-06-17 16:42:58] $fill
INFO [2021-06-17 16:42:58] myCol
INFO [2021-06-17 16:42:58] 
INFO [2021-06-17 16:42:58] $cex
INFO [2021-06-17 16:42:58] [1] 0.6
INFO [2021-06-17 16:42:58] 
INFO [2021-06-17 16:42:58] $fontface
INFO [2021-06-17 16:42:58] [1] "bold"
INFO [2021-06-17 16:42:58] 
INFO [2021-06-17 16:42:58] $fontfamily
INFO [2021-06-17 16:42:58] [1] "sans"
INFO [2021-06-17 16:42:58] 
INFO [2021-06-17 16:42:58] $cat.cex
INFO [2021-06-17 16:42:58] [1] 0.6
INFO [2021-06-17 16:42:58] 
INFO [2021-06-17 16:42:58] $cat.fontface
INFO [2021-06-17 16:42:58] [1] "bold"
INFO [2021-06-17 16:42:58] 
INFO [2021-06-17 16:42:58] $cat.default.pos
INFO [2021-06-17 16:42:58] [1] "outer"
INFO [2021-06-17 16:42:58] 
INFO [2021-06-17 16:42:58] $cat.pos
INFO [2021-06-17 16:42:58] c(-27, 27, 135)
INFO [2021-06-17 16:42:58] 
INFO [2021-06-17 16:42:58] $cat.dist
INFO [2021-06-17 16:42:58] c(0.055, 0.055, 0.085)
INFO [2021-06-17 16:42:58] 
INFO [2021-06-17 16:42:58] $cat.fontfamily
INFO [2021-06-17 16:42:58] [1] "sans"
INFO [2021-06-17 16:42:58] 
INFO [2021-06-17 16:42:58] $rotation
INFO [2021-06-17 16:42:58] [1] 1
INFO [2021-06-17 16:42:58] 
