INFO [2021-06-17 18:09:02] $x
INFO [2021-06-17 18:09:02] list(DIABETES = dataset$ï..[which(dataset$DIABETES == 1 & dataset$SEXO == 
INFO [2021-06-17 18:09:02]     "FEME")], OBESITY = dataset$ï..[which(dataset$OBESIDAD.MORBIDA == 
INFO [2021-06-17 18:09:02]     1 & dataset$SEXO == "FEME")], )
INFO [2021-06-17 18:09:02] 
INFO [2021-06-17 18:09:02] $category.names
INFO [2021-06-17 18:09:02] c("DIABETES", "OBESITY")
INFO [2021-06-17 18:09:02] 
INFO [2021-06-17 18:09:02] $filename
INFO [2021-06-17 18:09:02] [1] "venn_diagramm2.png"
INFO [2021-06-17 18:09:02] 
INFO [2021-06-17 18:09:02] $output
INFO [2021-06-17 18:09:02] [1] TRUE
INFO [2021-06-17 18:09:02] 
INFO [2021-06-17 18:09:02] $imagetype
INFO [2021-06-17 18:09:02] [1] "png"
INFO [2021-06-17 18:09:02] 
INFO [2021-06-17 18:09:02] $height
INFO [2021-06-17 18:09:02] [1] 480
INFO [2021-06-17 18:09:02] 
INFO [2021-06-17 18:09:02] $width
INFO [2021-06-17 18:09:02] [1] 480
INFO [2021-06-17 18:09:02] 
INFO [2021-06-17 18:09:02] $resolution
INFO [2021-06-17 18:09:02] [1] 300
INFO [2021-06-17 18:09:02] 
INFO [2021-06-17 18:09:02] $compression
INFO [2021-06-17 18:09:02] [1] "lzw"
INFO [2021-06-17 18:09:02] 
INFO [2021-06-17 18:09:02] $lwd
INFO [2021-06-17 18:09:02] [1] 2
INFO [2021-06-17 18:09:02] 
INFO [2021-06-17 18:09:02] $lty
INFO [2021-06-17 18:09:02] [1] "blank"
INFO [2021-06-17 18:09:02] 
INFO [2021-06-17 18:09:02] $fill
INFO [2021-06-17 18:09:02] myCol
INFO [2021-06-17 18:09:02] 
INFO [2021-06-17 18:09:02] $cex
INFO [2021-06-17 18:09:02] [1] 0.6
INFO [2021-06-17 18:09:02] 
INFO [2021-06-17 18:09:02] $fontface
INFO [2021-06-17 18:09:02] [1] "bold"
INFO [2021-06-17 18:09:02] 
INFO [2021-06-17 18:09:02] $fontfamily
INFO [2021-06-17 18:09:02] [1] "sans"
INFO [2021-06-17 18:09:02] 
INFO [2021-06-17 18:09:02] $cat.cex
INFO [2021-06-17 18:09:02] [1] 0.6
INFO [2021-06-17 18:09:02] 
INFO [2021-06-17 18:09:02] $cat.fontface
INFO [2021-06-17 18:09:02] [1] "bold"
INFO [2021-06-17 18:09:02] 
INFO [2021-06-17 18:09:02] $cat.default.pos
INFO [2021-06-17 18:09:02] [1] "outer"
INFO [2021-06-17 18:09:02] 
INFO [2021-06-17 18:09:02] $cat.pos
INFO [2021-06-17 18:09:02] c(-27, 27, 135)
INFO [2021-06-17 18:09:02] 
INFO [2021-06-17 18:09:02] $cat.dist
INFO [2021-06-17 18:09:02] c(0.055, 0.055, 0.085)
INFO [2021-06-17 18:09:02] 
INFO [2021-06-17 18:09:02] $cat.fontfamily
INFO [2021-06-17 18:09:02] [1] "sans"
INFO [2021-06-17 18:09:02] 
INFO [2021-06-17 18:09:02] $rotation
INFO [2021-06-17 18:09:02] [1] 1
INFO [2021-06-17 18:09:02] 
