INFO [2021-06-04 14:29:56] $x
INFO [2021-06-04 14:29:56] list(DIABETES = dataset$ï..[which(dataset$DIABETES == 1 & dataset$SEXO == 
INFO [2021-06-04 14:29:56]     "MASC")], OBESITY = dataset$ï..[which(dataset$OBESIDAD.MORBIDA == 
INFO [2021-06-04 14:29:56]     1 & dataset$SEXO == "MASC")], EPOC = dataset$ï..[which(dataset$EPOC == 
INFO [2021-06-04 14:29:56]     1 & dataset$SEXO == "MASC")])
INFO [2021-06-04 14:29:56] 
INFO [2021-06-04 14:29:56] $category.names
INFO [2021-06-04 14:29:56] c("DIABETES", "OBESITY", "EPOC")
INFO [2021-06-04 14:29:56] 
INFO [2021-06-04 14:29:56] $filename
INFO [2021-06-04 14:29:56] [1] "venn_diagramm.png"
INFO [2021-06-04 14:29:56] 
INFO [2021-06-04 14:29:56] $output
INFO [2021-06-04 14:29:56] [1] TRUE
INFO [2021-06-04 14:29:56] 
INFO [2021-06-04 14:29:56] $imagetype
INFO [2021-06-04 14:29:56] [1] "png"
INFO [2021-06-04 14:29:56] 
INFO [2021-06-04 14:29:56] $height
INFO [2021-06-04 14:29:56] [1] 480
INFO [2021-06-04 14:29:56] 
INFO [2021-06-04 14:29:56] $width
INFO [2021-06-04 14:29:56] [1] 480
INFO [2021-06-04 14:29:56] 
INFO [2021-06-04 14:29:56] $resolution
INFO [2021-06-04 14:29:56] [1] 300
INFO [2021-06-04 14:29:56] 
INFO [2021-06-04 14:29:56] $compression
INFO [2021-06-04 14:29:56] [1] "lzw"
INFO [2021-06-04 14:29:56] 
INFO [2021-06-04 14:29:56] $lwd
INFO [2021-06-04 14:29:56] [1] 2
INFO [2021-06-04 14:29:56] 
INFO [2021-06-04 14:29:56] $lty
INFO [2021-06-04 14:29:56] [1] "blank"
INFO [2021-06-04 14:29:56] 
INFO [2021-06-04 14:29:56] $fill
INFO [2021-06-04 14:29:56] myCol
INFO [2021-06-04 14:29:56] 
INFO [2021-06-04 14:29:56] $cex
INFO [2021-06-04 14:29:56] [1] 0.6
INFO [2021-06-04 14:29:56] 
INFO [2021-06-04 14:29:56] $fontface
INFO [2021-06-04 14:29:56] [1] "bold"
INFO [2021-06-04 14:29:56] 
INFO [2021-06-04 14:29:56] $fontfamily
INFO [2021-06-04 14:29:56] [1] "sans"
INFO [2021-06-04 14:29:56] 
INFO [2021-06-04 14:29:56] $cat.cex
INFO [2021-06-04 14:29:56] [1] 0.6
INFO [2021-06-04 14:29:56] 
INFO [2021-06-04 14:29:56] $cat.fontface
INFO [2021-06-04 14:29:56] [1] "bold"
INFO [2021-06-04 14:29:56] 
INFO [2021-06-04 14:29:56] $cat.default.pos
INFO [2021-06-04 14:29:56] [1] "outer"
INFO [2021-06-04 14:29:56] 
INFO [2021-06-04 14:29:56] $cat.pos
INFO [2021-06-04 14:29:56] c(-27, 27, 135)
INFO [2021-06-04 14:29:56] 
INFO [2021-06-04 14:29:56] $cat.dist
INFO [2021-06-04 14:29:56] c(0.055, 0.055, 0.085)
INFO [2021-06-04 14:29:56] 
INFO [2021-06-04 14:29:56] $cat.fontfamily
INFO [2021-06-04 14:29:56] [1] "sans"
INFO [2021-06-04 14:29:56] 
INFO [2021-06-04 14:29:56] $rotation
INFO [2021-06-04 14:29:56] [1] 1
INFO [2021-06-04 14:29:56] 
