INFO [2021-06-17 18:09:01] $x
INFO [2021-06-17 18:09:01] list(DIABETES = dataset$ï..[which(dataset$DIABETES == 1 & dataset$SEXO == 
INFO [2021-06-17 18:09:01]     "MASC")], OBESITY = dataset$ï..[which(dataset$OBESIDAD.MORBIDA == 
INFO [2021-06-17 18:09:01]     1 & dataset$SEXO == "MASC")], EPOC = dataset$ï..[which(dataset$EPOC == 
INFO [2021-06-17 18:09:01]     1 & dataset$SEXO == "MASC")])
INFO [2021-06-17 18:09:01] 
INFO [2021-06-17 18:09:01] $category.names
INFO [2021-06-17 18:09:01] c("DIABETES", "OBESITY", "EPOC")
INFO [2021-06-17 18:09:01] 
INFO [2021-06-17 18:09:01] $filename
INFO [2021-06-17 18:09:01] [1] "venn_diagramm.png"
INFO [2021-06-17 18:09:01] 
INFO [2021-06-17 18:09:01] $output
INFO [2021-06-17 18:09:01] [1] TRUE
INFO [2021-06-17 18:09:01] 
INFO [2021-06-17 18:09:01] $imagetype
INFO [2021-06-17 18:09:01] [1] "png"
INFO [2021-06-17 18:09:01] 
INFO [2021-06-17 18:09:01] $height
INFO [2021-06-17 18:09:01] [1] 480
INFO [2021-06-17 18:09:01] 
INFO [2021-06-17 18:09:01] $width
INFO [2021-06-17 18:09:01] [1] 480
INFO [2021-06-17 18:09:01] 
INFO [2021-06-17 18:09:01] $resolution
INFO [2021-06-17 18:09:01] [1] 300
INFO [2021-06-17 18:09:01] 
INFO [2021-06-17 18:09:01] $compression
INFO [2021-06-17 18:09:01] [1] "lzw"
INFO [2021-06-17 18:09:01] 
INFO [2021-06-17 18:09:01] $lwd
INFO [2021-06-17 18:09:01] [1] 2
INFO [2021-06-17 18:09:01] 
INFO [2021-06-17 18:09:01] $lty
INFO [2021-06-17 18:09:01] [1] "blank"
INFO [2021-06-17 18:09:01] 
INFO [2021-06-17 18:09:01] $fill
INFO [2021-06-17 18:09:01] myCol
INFO [2021-06-17 18:09:01] 
INFO [2021-06-17 18:09:01] $cex
INFO [2021-06-17 18:09:01] [1] 0.6
INFO [2021-06-17 18:09:01] 
INFO [2021-06-17 18:09:01] $fontface
INFO [2021-06-17 18:09:01] [1] "bold"
INFO [2021-06-17 18:09:01] 
INFO [2021-06-17 18:09:01] $fontfamily
INFO [2021-06-17 18:09:01] [1] "sans"
INFO [2021-06-17 18:09:01] 
INFO [2021-06-17 18:09:01] $cat.cex
INFO [2021-06-17 18:09:01] [1] 0.6
INFO [2021-06-17 18:09:01] 
INFO [2021-06-17 18:09:01] $cat.fontface
INFO [2021-06-17 18:09:01] [1] "bold"
INFO [2021-06-17 18:09:01] 
INFO [2021-06-17 18:09:01] $cat.default.pos
INFO [2021-06-17 18:09:01] [1] "outer"
INFO [2021-06-17 18:09:01] 
INFO [2021-06-17 18:09:01] $cat.pos
INFO [2021-06-17 18:09:01] c(-27, 27, 135)
INFO [2021-06-17 18:09:01] 
INFO [2021-06-17 18:09:01] $cat.dist
INFO [2021-06-17 18:09:01] c(0.055, 0.055, 0.085)
INFO [2021-06-17 18:09:01] 
INFO [2021-06-17 18:09:01] $cat.fontfamily
INFO [2021-06-17 18:09:01] [1] "sans"
INFO [2021-06-17 18:09:01] 
INFO [2021-06-17 18:09:01] $rotation
INFO [2021-06-17 18:09:01] [1] 1
INFO [2021-06-17 18:09:01] 
