INFO [2021-06-04 14:32:32] $x
INFO [2021-06-04 14:32:32] list(DIABETES = dataset$ï..[which(dataset$DIABETES == 1 & dataset$SEXO == 
INFO [2021-06-04 14:32:32]     "MASC")], OBESITY = dataset$ï..[which(dataset$OBESIDAD.MORBIDA == 
INFO [2021-06-04 14:32:32]     1 & dataset$SEXO == "MASC")], EPOC = dataset$ï..[which(dataset$EPOC == 
INFO [2021-06-04 14:32:32]     1 & dataset$SEXO == "MASC")])
INFO [2021-06-04 14:32:32] 
INFO [2021-06-04 14:32:32] $category.names
INFO [2021-06-04 14:32:32] c("DIABETES", "OBESITY", "EPOC")
INFO [2021-06-04 14:32:32] 
INFO [2021-06-04 14:32:32] $filename
INFO [2021-06-04 14:32:32] [1] "venn_diagramm.png"
INFO [2021-06-04 14:32:32] 
INFO [2021-06-04 14:32:32] $output
INFO [2021-06-04 14:32:32] [1] TRUE
INFO [2021-06-04 14:32:32] 
INFO [2021-06-04 14:32:32] $imagetype
INFO [2021-06-04 14:32:32] [1] "png"
INFO [2021-06-04 14:32:32] 
INFO [2021-06-04 14:32:32] $height
INFO [2021-06-04 14:32:32] [1] 480
INFO [2021-06-04 14:32:32] 
INFO [2021-06-04 14:32:32] $width
INFO [2021-06-04 14:32:32] [1] 480
INFO [2021-06-04 14:32:32] 
INFO [2021-06-04 14:32:32] $resolution
INFO [2021-06-04 14:32:32] [1] 300
INFO [2021-06-04 14:32:32] 
INFO [2021-06-04 14:32:32] $compression
INFO [2021-06-04 14:32:32] [1] "lzw"
INFO [2021-06-04 14:32:32] 
INFO [2021-06-04 14:32:32] $lwd
INFO [2021-06-04 14:32:32] [1] 2
INFO [2021-06-04 14:32:32] 
INFO [2021-06-04 14:32:32] $lty
INFO [2021-06-04 14:32:32] [1] "blank"
INFO [2021-06-04 14:32:32] 
INFO [2021-06-04 14:32:32] $fill
INFO [2021-06-04 14:32:32] myCol
INFO [2021-06-04 14:32:32] 
INFO [2021-06-04 14:32:32] $cex
INFO [2021-06-04 14:32:32] [1] 0.6
INFO [2021-06-04 14:32:32] 
INFO [2021-06-04 14:32:32] $fontface
INFO [2021-06-04 14:32:32] [1] "bold"
INFO [2021-06-04 14:32:32] 
INFO [2021-06-04 14:32:32] $fontfamily
INFO [2021-06-04 14:32:32] [1] "sans"
INFO [2021-06-04 14:32:32] 
INFO [2021-06-04 14:32:32] $cat.cex
INFO [2021-06-04 14:32:32] [1] 0.6
INFO [2021-06-04 14:32:32] 
INFO [2021-06-04 14:32:32] $cat.fontface
INFO [2021-06-04 14:32:32] [1] "bold"
INFO [2021-06-04 14:32:32] 
INFO [2021-06-04 14:32:32] $cat.default.pos
INFO [2021-06-04 14:32:32] [1] "outer"
INFO [2021-06-04 14:32:32] 
INFO [2021-06-04 14:32:32] $cat.pos
INFO [2021-06-04 14:32:32] c(-27, 27, 135)
INFO [2021-06-04 14:32:32] 
INFO [2021-06-04 14:32:32] $cat.dist
INFO [2021-06-04 14:32:32] c(0.055, 0.055, 0.085)
INFO [2021-06-04 14:32:32] 
INFO [2021-06-04 14:32:32] $cat.fontfamily
INFO [2021-06-04 14:32:32] [1] "sans"
INFO [2021-06-04 14:32:32] 
INFO [2021-06-04 14:32:32] $rotation
INFO [2021-06-04 14:32:32] [1] 1
INFO [2021-06-04 14:32:32] 
